[1.554s] Invoking command in '/home/mehida/ros2_ws/build/py_pubsub': PYTHONPATH=/home/mehida/ros2_ws/build/py_pubsub/prefix_override:/usr/lib/python3/dist-packages/colcon_core/task/python/colcon_distutils_commands:/home/mehida/ros2_ws/install/py_pubsub/lib/python3.10/site-packages:${PYTHONPATH} /usr/bin/python3 -W ignore:setup.py install is deprecated -W ignore:easy_install command is deprecated setup.py develop --editable --build-directory /home/mehida/ros2_ws/build/py_pubsub/build --no-deps symlink_data --force
[2.027s] running develop
[2.287s] running egg_info
[2.287s] writing py_pubsub.egg-info/PKG-INFO
[2.288s] writing dependency_links to py_pubsub.egg-info/dependency_links.txt
[2.288s] writing entry points to py_pubsub.egg-info/entry_points.txt
[2.288s] writing requirements to py_pubsub.egg-info/requires.txt
[2.288s] writing top-level names to py_pubsub.egg-info/top_level.txt
[2.292s] reading manifest file 'py_pubsub.egg-info/SOURCES.txt'
[2.293s] writing manifest file 'py_pubsub.egg-info/SOURCES.txt'
[2.296s] running build_ext
[2.296s] Creating /home/mehida/ros2_ws/install/py_pubsub/lib/python3.10/site-packages/py-pubsub.egg-link (link to .)
[2.298s] Installing listener script to /home/mehida/ros2_ws/install/py_pubsub/lib/py_pubsub
[2.298s] Installing talker script to /home/mehida/ros2_ws/install/py_pubsub/lib/py_pubsub
[2.298s] 
[2.298s] Installed /home/mehida/ros2_ws/build/py_pubsub
[2.299s] running symlink_data
[2.299s] symbolically linking /home/mehida/ros2_ws/build/py_pubsub/resource/py_pubsub -> /home/mehida/ros2_ws/install/py_pubsub/share/ament_index/resource_index/packages
[2.299s] symbolically linking /home/mehida/ros2_ws/build/py_pubsub/package.xml -> /home/mehida/ros2_ws/install/py_pubsub/share/py_pubsub
[2.350s] Invoked command in '/home/mehida/ros2_ws/build/py_pubsub' returned '0': PYTHONPATH=/home/mehida/ros2_ws/build/py_pubsub/prefix_override:/usr/lib/python3/dist-packages/colcon_core/task/python/colcon_distutils_commands:/home/mehida/ros2_ws/install/py_pubsub/lib/python3.10/site-packages:${PYTHONPATH} /usr/bin/python3 -W ignore:setup.py install is deprecated -W ignore:easy_install command is deprecated setup.py develop --editable --build-directory /home/mehida/ros2_ws/build/py_pubsub/build --no-deps symlink_data --force
