[2.227s] Invoking command in '/home/mehida/ros2_ws/src/turtle_shapes': PYTHONPATH=/home/mehida/ros2_ws/build/turtle_shapes/prefix_override:/usr/lib/python3/dist-packages/colcon_core/task/python/colcon_distutils_commands:/home/mehida/ros2_ws/install/turtle_shapes/lib/python3.10/site-packages:${PYTHONPATH} /usr/bin/python3 -W ignore:setup.py install is deprecated -W ignore:easy_install command is deprecated setup.py egg_info --egg-base ../../build/turtle_shapes build --build-base /home/mehida/ros2_ws/build/turtle_shapes/build install --record /home/mehida/ros2_ws/build/turtle_shapes/install.log --single-version-externally-managed install_data
[2.766s] running egg_info
[2.768s] writing ../../build/turtle_shapes/turtle_shapes.egg-info/PKG-INFO
[2.768s] writing dependency_links to ../../build/turtle_shapes/turtle_shapes.egg-info/dependency_links.txt
[2.768s] writing entry points to ../../build/turtle_shapes/turtle_shapes.egg-info/entry_points.txt
[2.768s] writing requirements to ../../build/turtle_shapes/turtle_shapes.egg-info/requires.txt
[2.769s] writing top-level names to ../../build/turtle_shapes/turtle_shapes.egg-info/top_level.txt
[2.772s] reading manifest file '../../build/turtle_shapes/turtle_shapes.egg-info/SOURCES.txt'
[2.773s] writing manifest file '../../build/turtle_shapes/turtle_shapes.egg-info/SOURCES.txt'
[2.774s] running build
[2.774s] running build_py
[2.774s] copying turtle_shapes/diamond.py -> /home/mehida/ros2_ws/build/turtle_shapes/build/lib/turtle_shapes
[2.775s] running install
[2.775s] running install_lib
[2.777s] copying /home/mehida/ros2_ws/build/turtle_shapes/build/lib/turtle_shapes/diamond.py -> /home/mehida/ros2_ws/install/turtle_shapes/lib/python3.10/site-packages/turtle_shapes
[2.778s] byte-compiling /home/mehida/ros2_ws/install/turtle_shapes/lib/python3.10/site-packages/turtle_shapes/diamond.py to diamond.cpython-310.pyc
[2.779s] running install_data
[2.780s] running install_egg_info
[2.783s] removing '/home/mehida/ros2_ws/install/turtle_shapes/lib/python3.10/site-packages/turtle_shapes-0.0.0-py3.10.egg-info' (and everything under it)
[2.783s] Copying ../../build/turtle_shapes/turtle_shapes.egg-info to /home/mehida/ros2_ws/install/turtle_shapes/lib/python3.10/site-packages/turtle_shapes-0.0.0-py3.10.egg-info
[2.785s] running install_scripts
[2.832s] Installing diamond script to /home/mehida/ros2_ws/install/turtle_shapes/lib/turtle_shapes
[2.832s] writing list of installed files to '/home/mehida/ros2_ws/build/turtle_shapes/install.log'
[2.883s] Invoked command in '/home/mehida/ros2_ws/src/turtle_shapes' returned '0': PYTHONPATH=/home/mehida/ros2_ws/build/turtle_shapes/prefix_override:/usr/lib/python3/dist-packages/colcon_core/task/python/colcon_distutils_commands:/home/mehida/ros2_ws/install/turtle_shapes/lib/python3.10/site-packages:${PYTHONPATH} /usr/bin/python3 -W ignore:setup.py install is deprecated -W ignore:easy_install command is deprecated setup.py egg_info --egg-base ../../build/turtle_shapes build --build-base /home/mehida/ros2_ws/build/turtle_shapes/build install --record /home/mehida/ros2_ws/build/turtle_shapes/install.log --single-version-externally-managed install_data
