[0.397s] Invoking command in '/home/mehida/ros2_ws/src/drone_comms': PYTHONPATH=/home/mehida/ros2_ws/build/drone_comms/prefix_override:/usr/lib/python3/dist-packages/colcon_core/task/python/colcon_distutils_commands:/home/mehida/ros2_ws/install/drone_comms/lib/python3.10/site-packages:${PYTHONPATH} /usr/bin/python3 -W ignore:setup.py install is deprecated -W ignore:easy_install command is deprecated setup.py egg_info --egg-base ../../build/drone_comms build --build-base /home/mehida/ros2_ws/build/drone_comms/build install --record /home/mehida/ros2_ws/build/drone_comms/install.log --single-version-externally-managed install_data
[0.540s] running egg_info
[0.540s] creating ../../build/drone_comms/drone_comms.egg-info
[0.540s] writing ../../build/drone_comms/drone_comms.egg-info/PKG-INFO
[0.540s] writing dependency_links to ../../build/drone_comms/drone_comms.egg-info/dependency_links.txt
[0.540s] writing entry points to ../../build/drone_comms/drone_comms.egg-info/entry_points.txt
[0.540s] writing requirements to ../../build/drone_comms/drone_comms.egg-info/requires.txt
[0.540s] writing top-level names to ../../build/drone_comms/drone_comms.egg-info/top_level.txt
[0.540s] writing manifest file '../../build/drone_comms/drone_comms.egg-info/SOURCES.txt'
[0.541s] reading manifest file '../../build/drone_comms/drone_comms.egg-info/SOURCES.txt'
[0.541s] writing manifest file '../../build/drone_comms/drone_comms.egg-info/SOURCES.txt'
[0.541s] running build
[0.541s] running build_py
[0.542s] creating /home/mehida/ros2_ws/build/drone_comms/build
[0.542s] creating /home/mehida/ros2_ws/build/drone_comms/build/lib
[0.542s] creating /home/mehida/ros2_ws/build/drone_comms/build/lib/drone_comms
[0.542s] copying drone_comms/__init__.py -> /home/mehida/ros2_ws/build/drone_comms/build/lib/drone_comms
[0.542s] running install
[0.542s] running install_lib
[0.543s] creating /home/mehida/ros2_ws/install/drone_comms/lib/python3.10/site-packages/drone_comms
[0.543s] copying /home/mehida/ros2_ws/build/drone_comms/build/lib/drone_comms/__init__.py -> /home/mehida/ros2_ws/install/drone_comms/lib/python3.10/site-packages/drone_comms
[0.544s] byte-compiling /home/mehida/ros2_ws/install/drone_comms/lib/python3.10/site-packages/drone_comms/__init__.py to __init__.cpython-310.pyc
[0.544s] running install_data
[0.544s] creating /home/mehida/ros2_ws/install/drone_comms/share/ament_index
[0.544s] creating /home/mehida/ros2_ws/install/drone_comms/share/ament_index/resource_index
[0.544s] creating /home/mehida/ros2_ws/install/drone_comms/share/ament_index/resource_index/packages
[0.544s] copying resource/drone_comms -> /home/mehida/ros2_ws/install/drone_comms/share/ament_index/resource_index/packages
[0.545s] copying package.xml -> /home/mehida/ros2_ws/install/drone_comms/share/drone_comms
[0.545s] running install_egg_info
[0.546s] Copying ../../build/drone_comms/drone_comms.egg-info to /home/mehida/ros2_ws/install/drone_comms/lib/python3.10/site-packages/drone_comms-0.0.0-py3.10.egg-info
[0.546s] running install_scripts
[0.560s] writing list of installed files to '/home/mehida/ros2_ws/build/drone_comms/install.log'
[0.577s] Invoked command in '/home/mehida/ros2_ws/src/drone_comms' returned '0': PYTHONPATH=/home/mehida/ros2_ws/build/drone_comms/prefix_override:/usr/lib/python3/dist-packages/colcon_core/task/python/colcon_distutils_commands:/home/mehida/ros2_ws/install/drone_comms/lib/python3.10/site-packages:${PYTHONPATH} /usr/bin/python3 -W ignore:setup.py install is deprecated -W ignore:easy_install command is deprecated setup.py egg_info --egg-base ../../build/drone_comms build --build-base /home/mehida/ros2_ws/build/drone_comms/build install --record /home/mehida/ros2_ws/build/drone_comms/install.log --single-version-externally-managed install_data
