[1.505s] Invoking command in '/home/mehida/ros2_ws/build/py_pubsub': PYTHONPATH=/home/mehida/ros2_ws/build/py_pubsub/prefix_override:/usr/lib/python3/dist-packages/colcon_core/task/python/colcon_distutils_commands:/home/mehida/ros2_ws/install/py_pubsub/lib/python3.10/site-packages:${PYTHONPATH} /usr/bin/python3 -W ignore:setup.py install is deprecated -W ignore:easy_install command is deprecated setup.py develop --uninstall --editable --build-directory /home/mehida/ros2_ws/build/py_pubsub/build
[1.968s] running develop
[2.234s] Removing /home/mehida/ros2_ws/install/py_pubsub/lib/python3.10/site-packages/py-pubsub.egg-link (link to .)
[2.279s] Invoked command in '/home/mehida/ros2_ws/build/py_pubsub' returned '0': PYTHONPATH=/home/mehida/ros2_ws/build/py_pubsub/prefix_override:/usr/lib/python3/dist-packages/colcon_core/task/python/colcon_distutils_commands:/home/mehida/ros2_ws/install/py_pubsub/lib/python3.10/site-packages:${PYTHONPATH} /usr/bin/python3 -W ignore:setup.py install is deprecated -W ignore:easy_install command is deprecated setup.py develop --uninstall --editable --build-directory /home/mehida/ros2_ws/build/py_pubsub/build
[2.282s] Invoking command in '/home/mehida/ros2_ws/src/py_pubsub': PYTHONPATH=/home/mehida/ros2_ws/build/py_pubsub/prefix_override:/usr/lib/python3/dist-packages/colcon_core/task/python/colcon_distutils_commands:/home/mehida/ros2_ws/install/py_pubsub/lib/python3.10/site-packages:${PYTHONPATH} /usr/bin/python3 -W ignore:setup.py install is deprecated -W ignore:easy_install command is deprecated setup.py egg_info --egg-base ../../build/py_pubsub build --build-base /home/mehida/ros2_ws/build/py_pubsub/build install --record /home/mehida/ros2_ws/build/py_pubsub/install.log --single-version-externally-managed install_data --force
[2.713s] running egg_info
[2.714s] writing ../../build/py_pubsub/py_pubsub.egg-info/PKG-INFO
[2.714s] writing dependency_links to ../../build/py_pubsub/py_pubsub.egg-info/dependency_links.txt
[2.715s] writing entry points to ../../build/py_pubsub/py_pubsub.egg-info/entry_points.txt
[2.715s] writing requirements to ../../build/py_pubsub/py_pubsub.egg-info/requires.txt
[2.715s] writing top-level names to ../../build/py_pubsub/py_pubsub.egg-info/top_level.txt
[2.718s] reading manifest file '../../build/py_pubsub/py_pubsub.egg-info/SOURCES.txt'
[2.718s] adding license file 'LICENSE'
[2.719s] writing manifest file '../../build/py_pubsub/py_pubsub.egg-info/SOURCES.txt'
[2.720s] running build
[2.720s] running build_py
[2.720s] running install
[2.721s] running install_lib
[2.722s] creating /home/mehida/ros2_ws/install/py_pubsub/lib/python3.10/site-packages/py_pubsub
[2.722s] copying /home/mehida/ros2_ws/build/py_pubsub/build/lib/py_pubsub/publisher_member_function.py -> /home/mehida/ros2_ws/install/py_pubsub/lib/python3.10/site-packages/py_pubsub
[2.723s] copying /home/mehida/ros2_ws/build/py_pubsub/build/lib/py_pubsub/subscriber_member_function.py -> /home/mehida/ros2_ws/install/py_pubsub/lib/python3.10/site-packages/py_pubsub
[2.723s] copying /home/mehida/ros2_ws/build/py_pubsub/build/lib/py_pubsub/__init__.py -> /home/mehida/ros2_ws/install/py_pubsub/lib/python3.10/site-packages/py_pubsub
[2.724s] byte-compiling /home/mehida/ros2_ws/install/py_pubsub/lib/python3.10/site-packages/py_pubsub/publisher_member_function.py to publisher_member_function.cpython-310.pyc
[2.725s] byte-compiling /home/mehida/ros2_ws/install/py_pubsub/lib/python3.10/site-packages/py_pubsub/subscriber_member_function.py to subscriber_member_function.cpython-310.pyc
[2.725s] byte-compiling /home/mehida/ros2_ws/install/py_pubsub/lib/python3.10/site-packages/py_pubsub/__init__.py to __init__.cpython-310.pyc
[2.725s] running install_data
[2.726s] copying resource/py_pubsub -> /home/mehida/ros2_ws/install/py_pubsub/share/ament_index/resource_index/packages
[2.726s] copying package.xml -> /home/mehida/ros2_ws/install/py_pubsub/share/py_pubsub
[2.726s] running install_egg_info
[2.730s] Copying ../../build/py_pubsub/py_pubsub.egg-info to /home/mehida/ros2_ws/install/py_pubsub/lib/python3.10/site-packages/py_pubsub-0.0.0-py3.10.egg-info
[2.731s] running install_scripts
[2.772s] Installing listener script to /home/mehida/ros2_ws/install/py_pubsub/lib/py_pubsub
[2.772s] Installing talker script to /home/mehida/ros2_ws/install/py_pubsub/lib/py_pubsub
[2.772s] writing list of installed files to '/home/mehida/ros2_ws/build/py_pubsub/install.log'
[2.815s] Invoked command in '/home/mehida/ros2_ws/src/py_pubsub' returned '0': PYTHONPATH=/home/mehida/ros2_ws/build/py_pubsub/prefix_override:/usr/lib/python3/dist-packages/colcon_core/task/python/colcon_distutils_commands:/home/mehida/ros2_ws/install/py_pubsub/lib/python3.10/site-packages:${PYTHONPATH} /usr/bin/python3 -W ignore:setup.py install is deprecated -W ignore:easy_install command is deprecated setup.py egg_info --egg-base ../../build/py_pubsub build --build-base /home/mehida/ros2_ws/build/py_pubsub/build install --record /home/mehida/ros2_ws/build/py_pubsub/install.log --single-version-externally-managed install_data --force
