[2.130s] Invoking command in '/home/mehida/ros2_ws/src/turtle_shapes': PYTHONPATH=/home/mehida/ros2_ws/build/turtle_shapes/prefix_override:/usr/lib/python3/dist-packages/colcon_core/task/python/colcon_distutils_commands:/home/mehida/ros2_ws/install/turtle_shapes/lib/python3.10/site-packages:${PYTHONPATH} /usr/bin/python3 -W ignore:setup.py install is deprecated -W ignore:easy_install command is deprecated setup.py egg_info --egg-base ../../build/turtle_shapes build --build-base /home/mehida/ros2_ws/build/turtle_shapes/build install --record /home/mehida/ros2_ws/build/turtle_shapes/install.log --single-version-externally-managed install_data
[2.585s] running egg_info
[2.586s] writing ../../build/turtle_shapes/turtle_shapes.egg-info/PKG-INFO
[2.586s] writing dependency_links to ../../build/turtle_shapes/turtle_shapes.egg-info/dependency_links.txt
[2.587s] writing entry points to ../../build/turtle_shapes/turtle_shapes.egg-info/entry_points.txt
[2.587s] writing requirements to ../../build/turtle_shapes/turtle_shapes.egg-info/requires.txt
[2.587s] writing top-level names to ../../build/turtle_shapes/turtle_shapes.egg-info/top_level.txt
[2.591s] reading manifest file '../../build/turtle_shapes/turtle_shapes.egg-info/SOURCES.txt'
[2.592s] writing manifest file '../../build/turtle_shapes/turtle_shapes.egg-info/SOURCES.txt'
[2.593s] running build
[2.593s] running build_py
[2.594s] copying turtle_shapes/diamond.py -> /home/mehida/ros2_ws/build/turtle_shapes/build/lib/turtle_shapes
[2.594s] running install
[2.594s] running install_lib
[2.596s] copying /home/mehida/ros2_ws/build/turtle_shapes/build/lib/turtle_shapes/diamond.py -> /home/mehida/ros2_ws/install/turtle_shapes/lib/python3.10/site-packages/turtle_shapes
[2.597s] byte-compiling /home/mehida/ros2_ws/install/turtle_shapes/lib/python3.10/site-packages/turtle_shapes/diamond.py to diamond.cpython-310.pyc
[2.597s] Sorry: IndentationError: unindent does not match any outer indentation level (diamond.py, line 35)
[2.597s] running install_data
[2.597s] running install_egg_info
[2.601s] removing '/home/mehida/ros2_ws/install/turtle_shapes/lib/python3.10/site-packages/turtle_shapes-0.0.0-py3.10.egg-info' (and everything under it)
[2.602s] Copying ../../build/turtle_shapes/turtle_shapes.egg-info to /home/mehida/ros2_ws/install/turtle_shapes/lib/python3.10/site-packages/turtle_shapes-0.0.0-py3.10.egg-info
[2.603s] running install_scripts
[2.649s] Installing diamond script to /home/mehida/ros2_ws/install/turtle_shapes/lib/turtle_shapes
[2.649s] writing list of installed files to '/home/mehida/ros2_ws/build/turtle_shapes/install.log'
[2.701s] Invoked command in '/home/mehida/ros2_ws/src/turtle_shapes' returned '0': PYTHONPATH=/home/mehida/ros2_ws/build/turtle_shapes/prefix_override:/usr/lib/python3/dist-packages/colcon_core/task/python/colcon_distutils_commands:/home/mehida/ros2_ws/install/turtle_shapes/lib/python3.10/site-packages:${PYTHONPATH} /usr/bin/python3 -W ignore:setup.py install is deprecated -W ignore:easy_install command is deprecated setup.py egg_info --egg-base ../../build/turtle_shapes build --build-base /home/mehida/ros2_ws/build/turtle_shapes/build install --record /home/mehida/ros2_ws/build/turtle_shapes/install.log --single-version-externally-managed install_data
