[0.202s] DEBUG:colcon:Command line arguments: ['/usr/bin/colcon', 'build']
[0.202s] DEBUG:colcon:Parsed command line arguments: Namespace(log_base=None, log_level=None, verb_name='build', build_base='build', install_base='install', merge_install=False, symlink_install=False, test_result_base=None, continue_on_error=False, executor='parallel', parallel_workers=8, event_handlers=None, ignore_user_meta=False, metas=['./colcon.meta'], base_paths=['.'], packages_ignore=None, packages_ignore_regex=None, paths=None, packages_up_to=None, packages_up_to_regex=None, packages_above=None, packages_above_and_dependencies=None, packages_above_depth=None, packages_select_by_dep=None, packages_skip_by_dep=None, packages_skip_up_to=None, packages_select_build_failed=False, packages_skip_build_finished=False, packages_select_test_failures=False, packages_skip_test_passed=False, packages_select=None, packages_skip=None, packages_select_regex=None, packages_skip_regex=None, packages_start=None, packages_end=None, allow_overriding=[], cmake_args=None, cmake_target=None, cmake_target_skip_unavailable=False, cmake_clean_cache=False, cmake_clean_first=False, cmake_force_configure=False, ament_cmake_args=None, catkin_cmake_args=None, catkin_skip_building_tests=False, verb_parser=<colcon_defaults.argument_parser.defaults.DefaultArgumentsDecorator object at 0x7192cd35c550>, verb_extension=<colcon_core.verb.build.BuildVerb object at 0x7192cd4c9ea0>, main=<bound method BuildVerb.main of <colcon_core.verb.build.BuildVerb object at 0x7192cd4c9ea0>>)
[0.495s] Level 1:colcon.colcon_core.package_discovery:discover_packages(colcon_meta) check parameters
[0.495s] Level 1:colcon.colcon_core.package_discovery:discover_packages(recursive) check parameters
[0.495s] Level 1:colcon.colcon_core.package_discovery:discover_packages(ignore) check parameters
[0.495s] Level 1:colcon.colcon_core.package_discovery:discover_packages(path) check parameters
[0.495s] Level 1:colcon.colcon_core.package_discovery:discover_packages(colcon_meta) discover
[0.496s] Level 1:colcon.colcon_core.package_discovery:discover_packages(recursive) discover
[0.496s] INFO:colcon.colcon_core.package_discovery:Crawling recursively for packages in '/home/mehida/ros2_ws'
[0.496s] Level 1:colcon.colcon_core.package_identification:_identify(.) by extensions ['ignore', 'ignore_ament_install']
[0.496s] Level 1:colcon.colcon_core.package_identification:_identify(.) by extension 'ignore'
[0.496s] Level 1:colcon.colcon_core.package_identification:_identify(.) by extension 'ignore_ament_install'
[0.496s] Level 1:colcon.colcon_core.package_identification:_identify(.) by extensions ['colcon_pkg']
[0.496s] Level 1:colcon.colcon_core.package_identification:_identify(.) by extension 'colcon_pkg'
[0.496s] Level 1:colcon.colcon_core.package_identification:_identify(.) by extensions ['colcon_meta']
[0.496s] Level 1:colcon.colcon_core.package_identification:_identify(.) by extension 'colcon_meta'
[0.496s] Level 1:colcon.colcon_core.package_identification:_identify(.) by extensions ['ros']
[0.497s] Level 1:colcon.colcon_core.package_identification:_identify(.) by extension 'ros'
[0.518s] Level 1:colcon.colcon_core.package_identification:_identify(.) by extensions ['cmake', 'python']
[0.519s] Level 1:colcon.colcon_core.package_identification:_identify(.) by extension 'cmake'
[0.519s] Level 1:colcon.colcon_core.package_identification:_identify(.) by extension 'python'
[0.519s] Level 1:colcon.colcon_core.package_identification:_identify(.) by extensions ['python_setup_py']
[0.519s] Level 1:colcon.colcon_core.package_identification:_identify(.) by extension 'python_setup_py'
[0.519s] Level 1:colcon.colcon_core.package_identification:_identify(build) by extensions ['ignore', 'ignore_ament_install']
[0.519s] Level 1:colcon.colcon_core.package_identification:_identify(build) by extension 'ignore'
[0.519s] Level 1:colcon.colcon_core.package_identification:_identify(build) ignored
[0.520s] Level 1:colcon.colcon_core.package_identification:_identify(install) by extensions ['ignore', 'ignore_ament_install']
[0.520s] Level 1:colcon.colcon_core.package_identification:_identify(install) by extension 'ignore'
[0.520s] Level 1:colcon.colcon_core.package_identification:_identify(install) ignored
[0.520s] Level 1:colcon.colcon_core.package_identification:_identify(log) by extensions ['ignore', 'ignore_ament_install']
[0.520s] Level 1:colcon.colcon_core.package_identification:_identify(log) by extension 'ignore'
[0.520s] Level 1:colcon.colcon_core.package_identification:_identify(log) ignored
[0.520s] Level 1:colcon.colcon_core.package_identification:_identify(src) by extensions ['ignore', 'ignore_ament_install']
[0.520s] Level 1:colcon.colcon_core.package_identification:_identify(src) by extension 'ignore'
[0.520s] Level 1:colcon.colcon_core.package_identification:_identify(src) by extension 'ignore_ament_install'
[0.521s] Level 1:colcon.colcon_core.package_identification:_identify(src) by extensions ['colcon_pkg']
[0.521s] Level 1:colcon.colcon_core.package_identification:_identify(src) by extension 'colcon_pkg'
[0.521s] Level 1:colcon.colcon_core.package_identification:_identify(src) by extensions ['colcon_meta']
[0.521s] Level 1:colcon.colcon_core.package_identification:_identify(src) by extension 'colcon_meta'
[0.521s] Level 1:colcon.colcon_core.package_identification:_identify(src) by extensions ['ros']
[0.521s] Level 1:colcon.colcon_core.package_identification:_identify(src) by extension 'ros'
[0.521s] Level 1:colcon.colcon_core.package_identification:_identify(src) by extensions ['cmake', 'python']
[0.521s] Level 1:colcon.colcon_core.package_identification:_identify(src) by extension 'cmake'
[0.521s] Level 1:colcon.colcon_core.package_identification:_identify(src) by extension 'python'
[0.521s] Level 1:colcon.colcon_core.package_identification:_identify(src) by extensions ['python_setup_py']
[0.521s] Level 1:colcon.colcon_core.package_identification:_identify(src) by extension 'python_setup_py'
[0.521s] Level 1:colcon.colcon_core.package_identification:_identify(src/drone_comms) by extensions ['ignore', 'ignore_ament_install']
[0.522s] Level 1:colcon.colcon_core.package_identification:_identify(src/drone_comms) by extension 'ignore'
[0.522s] Level 1:colcon.colcon_core.package_identification:_identify(src/drone_comms) by extension 'ignore_ament_install'
[0.522s] Level 1:colcon.colcon_core.package_identification:_identify(src/drone_comms) by extensions ['colcon_pkg']
[0.522s] Level 1:colcon.colcon_core.package_identification:_identify(src/drone_comms) by extension 'colcon_pkg'
[0.522s] Level 1:colcon.colcon_core.package_identification:_identify(src/drone_comms) by extensions ['colcon_meta']
[0.522s] Level 1:colcon.colcon_core.package_identification:_identify(src/drone_comms) by extension 'colcon_meta'
[0.522s] Level 1:colcon.colcon_core.package_identification:_identify(src/drone_comms) by extensions ['ros']
[0.522s] Level 1:colcon.colcon_core.package_identification:_identify(src/drone_comms) by extension 'ros'
[0.527s] DEBUG:colcon.colcon_core.package_identification:Package 'src/drone_comms' with type 'ros.ament_python' and name 'drone_comms'
[0.527s] Level 1:colcon.colcon_core.package_identification:_identify(src/py_pubsub) by extensions ['ignore', 'ignore_ament_install']
[0.528s] Level 1:colcon.colcon_core.package_identification:_identify(src/py_pubsub) by extension 'ignore'
[0.528s] Level 1:colcon.colcon_core.package_identification:_identify(src/py_pubsub) by extension 'ignore_ament_install'
[0.528s] Level 1:colcon.colcon_core.package_identification:_identify(src/py_pubsub) by extensions ['colcon_pkg']
[0.528s] Level 1:colcon.colcon_core.package_identification:_identify(src/py_pubsub) by extension 'colcon_pkg'
[0.528s] Level 1:colcon.colcon_core.package_identification:_identify(src/py_pubsub) by extensions ['colcon_meta']
[0.528s] Level 1:colcon.colcon_core.package_identification:_identify(src/py_pubsub) by extension 'colcon_meta'
[0.528s] Level 1:colcon.colcon_core.package_identification:_identify(src/py_pubsub) by extensions ['ros']
[0.528s] Level 1:colcon.colcon_core.package_identification:_identify(src/py_pubsub) by extension 'ros'
[0.529s] DEBUG:colcon.colcon_core.package_identification:Package 'src/py_pubsub' with type 'ros.ament_python' and name 'py_pubsub'
[0.529s] Level 1:colcon.colcon_core.package_identification:_identify(src/turtle_shapes) by extensions ['ignore', 'ignore_ament_install']
[0.530s] Level 1:colcon.colcon_core.package_identification:_identify(src/turtle_shapes) by extension 'ignore'
[0.530s] Level 1:colcon.colcon_core.package_identification:_identify(src/turtle_shapes) by extension 'ignore_ament_install'
[0.530s] Level 1:colcon.colcon_core.package_identification:_identify(src/turtle_shapes) by extensions ['colcon_pkg']
[0.530s] Level 1:colcon.colcon_core.package_identification:_identify(src/turtle_shapes) by extension 'colcon_pkg'
[0.530s] Level 1:colcon.colcon_core.package_identification:_identify(src/turtle_shapes) by extensions ['colcon_meta']
[0.530s] Level 1:colcon.colcon_core.package_identification:_identify(src/turtle_shapes) by extension 'colcon_meta'
[0.530s] Level 1:colcon.colcon_core.package_identification:_identify(src/turtle_shapes) by extensions ['ros']
[0.530s] Level 1:colcon.colcon_core.package_identification:_identify(src/turtle_shapes) by extension 'ros'
[0.531s] DEBUG:colcon.colcon_core.package_identification:Package 'src/turtle_shapes' with type 'ros.ament_python' and name 'turtle_shapes'
[0.532s] Level 1:colcon.colcon_core.package_discovery:discover_packages(recursive) using defaults
[0.532s] Level 1:colcon.colcon_core.package_discovery:discover_packages(ignore) discover
[0.532s] Level 1:colcon.colcon_core.package_discovery:discover_packages(ignore) using defaults
[0.532s] Level 1:colcon.colcon_core.package_discovery:discover_packages(path) discover
[0.532s] Level 1:colcon.colcon_core.package_discovery:discover_packages(path) using defaults
[0.573s] Level 1:colcon.colcon_core.package_discovery:discover_packages(prefix_path) check parameters
[0.573s] Level 1:colcon.colcon_core.package_discovery:discover_packages(prefix_path) discover
[0.576s] DEBUG:colcon.colcon_installed_package_information.package_discovery:Found 3 installed packages in /home/mehida/ros2_ws/install
[0.579s] DEBUG:colcon.colcon_installed_package_information.package_discovery:Found 273 installed packages in /opt/ros/humble
[0.597s] Level 1:colcon.colcon_core.package_discovery:discover_packages(prefix_path) using defaults
[0.669s] Level 5:colcon.colcon_core.verb:set package 'drone_comms' build argument 'cmake_args' from command line to 'None'
[0.669s] Level 5:colcon.colcon_core.verb:set package 'drone_comms' build argument 'cmake_target' from command line to 'None'
[0.669s] Level 5:colcon.colcon_core.verb:set package 'drone_comms' build argument 'cmake_target_skip_unavailable' from command line to 'False'
[0.669s] Level 5:colcon.colcon_core.verb:set package 'drone_comms' build argument 'cmake_clean_cache' from command line to 'False'
[0.669s] Level 5:colcon.colcon_core.verb:set package 'drone_comms' build argument 'cmake_clean_first' from command line to 'False'
[0.669s] Level 5:colcon.colcon_core.verb:set package 'drone_comms' build argument 'cmake_force_configure' from command line to 'False'
[0.669s] Level 5:colcon.colcon_core.verb:set package 'drone_comms' build argument 'ament_cmake_args' from command line to 'None'
[0.669s] Level 5:colcon.colcon_core.verb:set package 'drone_comms' build argument 'catkin_cmake_args' from command line to 'None'
[0.669s] Level 5:colcon.colcon_core.verb:set package 'drone_comms' build argument 'catkin_skip_building_tests' from command line to 'False'
[0.669s] DEBUG:colcon.colcon_core.verb:Building package 'drone_comms' with the following arguments: {'ament_cmake_args': None, 'build_base': '/home/mehida/ros2_ws/build/drone_comms', 'catkin_cmake_args': None, 'catkin_skip_building_tests': False, 'cmake_args': None, 'cmake_clean_cache': False, 'cmake_clean_first': False, 'cmake_force_configure': False, 'cmake_target': None, 'cmake_target_skip_unavailable': False, 'install_base': '/home/mehida/ros2_ws/install/drone_comms', 'merge_install': False, 'path': '/home/mehida/ros2_ws/src/drone_comms', 'symlink_install': False, 'test_result_base': None}
[0.670s] Level 5:colcon.colcon_core.verb:set package 'py_pubsub' build argument 'cmake_args' from command line to 'None'
[0.670s] Level 5:colcon.colcon_core.verb:set package 'py_pubsub' build argument 'cmake_target' from command line to 'None'
[0.670s] Level 5:colcon.colcon_core.verb:set package 'py_pubsub' build argument 'cmake_target_skip_unavailable' from command line to 'False'
[0.670s] Level 5:colcon.colcon_core.verb:set package 'py_pubsub' build argument 'cmake_clean_cache' from command line to 'False'
[0.670s] Level 5:colcon.colcon_core.verb:set package 'py_pubsub' build argument 'cmake_clean_first' from command line to 'False'
[0.670s] Level 5:colcon.colcon_core.verb:set package 'py_pubsub' build argument 'cmake_force_configure' from command line to 'False'
[0.670s] Level 5:colcon.colcon_core.verb:set package 'py_pubsub' build argument 'ament_cmake_args' from command line to 'None'
[0.671s] Level 5:colcon.colcon_core.verb:set package 'py_pubsub' build argument 'catkin_cmake_args' from command line to 'None'
[0.671s] Level 5:colcon.colcon_core.verb:set package 'py_pubsub' build argument 'catkin_skip_building_tests' from command line to 'False'
[0.671s] DEBUG:colcon.colcon_core.verb:Building package 'py_pubsub' with the following arguments: {'ament_cmake_args': None, 'build_base': '/home/mehida/ros2_ws/build/py_pubsub', 'catkin_cmake_args': None, 'catkin_skip_building_tests': False, 'cmake_args': None, 'cmake_clean_cache': False, 'cmake_clean_first': False, 'cmake_force_configure': False, 'cmake_target': None, 'cmake_target_skip_unavailable': False, 'install_base': '/home/mehida/ros2_ws/install/py_pubsub', 'merge_install': False, 'path': '/home/mehida/ros2_ws/src/py_pubsub', 'symlink_install': False, 'test_result_base': None}
[0.671s] Level 5:colcon.colcon_core.verb:set package 'turtle_shapes' build argument 'cmake_args' from command line to 'None'
[0.671s] Level 5:colcon.colcon_core.verb:set package 'turtle_shapes' build argument 'cmake_target' from command line to 'None'
[0.671s] Level 5:colcon.colcon_core.verb:set package 'turtle_shapes' build argument 'cmake_target_skip_unavailable' from command line to 'False'
[0.671s] Level 5:colcon.colcon_core.verb:set package 'turtle_shapes' build argument 'cmake_clean_cache' from command line to 'False'
[0.671s] Level 5:colcon.colcon_core.verb:set package 'turtle_shapes' build argument 'cmake_clean_first' from command line to 'False'
[0.671s] Level 5:colcon.colcon_core.verb:set package 'turtle_shapes' build argument 'cmake_force_configure' from command line to 'False'
[0.672s] Level 5:colcon.colcon_core.verb:set package 'turtle_shapes' build argument 'ament_cmake_args' from command line to 'None'
[0.672s] Level 5:colcon.colcon_core.verb:set package 'turtle_shapes' build argument 'catkin_cmake_args' from command line to 'None'
[0.672s] Level 5:colcon.colcon_core.verb:set package 'turtle_shapes' build argument 'catkin_skip_building_tests' from command line to 'False'
[0.672s] DEBUG:colcon.colcon_core.verb:Building package 'turtle_shapes' with the following arguments: {'ament_cmake_args': None, 'build_base': '/home/mehida/ros2_ws/build/turtle_shapes', 'catkin_cmake_args': None, 'catkin_skip_building_tests': False, 'cmake_args': None, 'cmake_clean_cache': False, 'cmake_clean_first': False, 'cmake_force_configure': False, 'cmake_target': None, 'cmake_target_skip_unavailable': False, 'install_base': '/home/mehida/ros2_ws/install/turtle_shapes', 'merge_install': False, 'path': '/home/mehida/ros2_ws/src/turtle_shapes', 'symlink_install': False, 'test_result_base': None}
[0.672s] INFO:colcon.colcon_core.executor:Executing jobs using 'parallel' executor
[0.674s] DEBUG:colcon.colcon_parallel_executor.executor.parallel:run_until_complete
[0.674s] INFO:colcon.colcon_ros.task.ament_python.build:Building ROS package in '/home/mehida/ros2_ws/src/drone_comms' with build type 'ament_python'
[0.674s] Level 1:colcon.colcon_core.shell:create_environment_hook('drone_comms', 'ament_prefix_path')
[0.678s] INFO:colcon.colcon_core.plugin_system:Skipping extension 'colcon_core.shell.bat': Not used on non-Windows systems
[0.678s] INFO:colcon.colcon_core.shell:Creating environment hook '/home/mehida/ros2_ws/install/drone_comms/share/drone_comms/hook/ament_prefix_path.ps1'
[0.680s] INFO:colcon.colcon_core.shell:Creating environment descriptor '/home/mehida/ros2_ws/install/drone_comms/share/drone_comms/hook/ament_prefix_path.dsv'
[0.681s] INFO:colcon.colcon_core.shell:Creating environment hook '/home/mehida/ros2_ws/install/drone_comms/share/drone_comms/hook/ament_prefix_path.sh'
[0.682s] INFO:colcon.colcon_core.shell:Skip shell extension 'powershell' for command environment: Not usable outside of PowerShell
[0.682s] DEBUG:colcon.colcon_core.shell:Skip shell extension 'dsv' for command environment
[0.688s] INFO:colcon.colcon_ros.task.ament_python.build:Building ROS package in '/home/mehida/ros2_ws/src/py_pubsub' with build type 'ament_python'
[0.688s] Level 1:colcon.colcon_core.shell:create_environment_hook('py_pubsub', 'ament_prefix_path')
[0.689s] INFO:colcon.colcon_core.shell:Creating environment hook '/home/mehida/ros2_ws/install/py_pubsub/share/py_pubsub/hook/ament_prefix_path.ps1'
[0.690s] INFO:colcon.colcon_core.shell:Creating environment descriptor '/home/mehida/ros2_ws/install/py_pubsub/share/py_pubsub/hook/ament_prefix_path.dsv'
[0.691s] INFO:colcon.colcon_core.shell:Creating environment hook '/home/mehida/ros2_ws/install/py_pubsub/share/py_pubsub/hook/ament_prefix_path.sh'
[0.692s] INFO:colcon.colcon_core.shell:Skip shell extension 'powershell' for command environment: Not usable outside of PowerShell
[0.692s] DEBUG:colcon.colcon_core.shell:Skip shell extension 'dsv' for command environment
[0.698s] INFO:colcon.colcon_ros.task.ament_python.build:Building ROS package in '/home/mehida/ros2_ws/src/turtle_shapes' with build type 'ament_python'
[0.698s] Level 1:colcon.colcon_core.shell:create_environment_hook('turtle_shapes', 'ament_prefix_path')
[0.699s] INFO:colcon.colcon_core.shell:Creating environment hook '/home/mehida/ros2_ws/install/turtle_shapes/share/turtle_shapes/hook/ament_prefix_path.ps1'
[0.700s] INFO:colcon.colcon_core.shell:Creating environment descriptor '/home/mehida/ros2_ws/install/turtle_shapes/share/turtle_shapes/hook/ament_prefix_path.dsv'
[0.700s] INFO:colcon.colcon_core.shell:Creating environment hook '/home/mehida/ros2_ws/install/turtle_shapes/share/turtle_shapes/hook/ament_prefix_path.sh'
[0.701s] INFO:colcon.colcon_core.shell:Skip shell extension 'powershell' for command environment: Not usable outside of PowerShell
[0.701s] DEBUG:colcon.colcon_core.shell:Skip shell extension 'dsv' for command environment
[1.261s] INFO:colcon.colcon_core.task.python.build:Building Python package in '/home/mehida/ros2_ws/src/drone_comms'
[1.262s] INFO:colcon.colcon_core.shell:Skip shell extension 'powershell' for command environment: Not usable outside of PowerShell
[1.263s] DEBUG:colcon.colcon_core.shell:Skip shell extension 'dsv' for command environment
[1.774s] INFO:colcon.colcon_core.task.python.build:Building Python package in '/home/mehida/ros2_ws/src/py_pubsub'
[1.775s] INFO:colcon.colcon_core.shell:Skip shell extension 'powershell' for command environment: Not usable outside of PowerShell
[1.775s] DEBUG:colcon.colcon_core.shell:Skip shell extension 'dsv' for command environment
[2.244s] INFO:colcon.colcon_core.task.python.build:Building Python package in '/home/mehida/ros2_ws/src/turtle_shapes'
[2.244s] INFO:colcon.colcon_core.shell:Skip shell extension 'powershell' for command environment: Not usable outside of PowerShell
[2.244s] DEBUG:colcon.colcon_core.shell:Skip shell extension 'dsv' for command environment
[2.908s] DEBUG:colcon.colcon_core.event_handler.log_command:Invoking command in '/home/mehida/ros2_ws/src/py_pubsub': PYTHONPATH=/home/mehida/ros2_ws/build/py_pubsub/prefix_override:/usr/lib/python3/dist-packages/colcon_core/task/python/colcon_distutils_commands:/home/mehida/ros2_ws/install/py_pubsub/lib/python3.10/site-packages:${PYTHONPATH} /usr/bin/python3 -W ignore:setup.py install is deprecated -W ignore:easy_install command is deprecated setup.py egg_info --egg-base ../../build/py_pubsub build --build-base /home/mehida/ros2_ws/build/py_pubsub/build install --record /home/mehida/ros2_ws/build/py_pubsub/install.log --single-version-externally-managed install_data
[2.917s] DEBUG:colcon.colcon_core.event_handler.log_command:Invoking command in '/home/mehida/ros2_ws/src/drone_comms': PYTHONPATH=/home/mehida/ros2_ws/build/drone_comms/prefix_override:/usr/lib/python3/dist-packages/colcon_core/task/python/colcon_distutils_commands:/home/mehida/ros2_ws/install/drone_comms/lib/python3.10/site-packages:${PYTHONPATH} /usr/bin/python3 -W ignore:setup.py install is deprecated -W ignore:easy_install command is deprecated setup.py egg_info --egg-base ../../build/drone_comms build --build-base /home/mehida/ros2_ws/build/drone_comms/build install --record /home/mehida/ros2_ws/build/drone_comms/install.log --single-version-externally-managed install_data
[2.926s] DEBUG:colcon.colcon_core.event_handler.log_command:Invoking command in '/home/mehida/ros2_ws/src/turtle_shapes': PYTHONPATH=/home/mehida/ros2_ws/build/turtle_shapes/prefix_override:/usr/lib/python3/dist-packages/colcon_core/task/python/colcon_distutils_commands:/home/mehida/ros2_ws/install/turtle_shapes/lib/python3.10/site-packages:${PYTHONPATH} /usr/bin/python3 -W ignore:setup.py install is deprecated -W ignore:easy_install command is deprecated setup.py egg_info --egg-base ../../build/turtle_shapes build --build-base /home/mehida/ros2_ws/build/turtle_shapes/build install --record /home/mehida/ros2_ws/build/turtle_shapes/install.log --single-version-externally-managed install_data
[3.549s] DEBUG:colcon.colcon_core.event_handler.log_command:Invoked command in '/home/mehida/ros2_ws/src/drone_comms' returned '0': PYTHONPATH=/home/mehida/ros2_ws/build/drone_comms/prefix_override:/usr/lib/python3/dist-packages/colcon_core/task/python/colcon_distutils_commands:/home/mehida/ros2_ws/install/drone_comms/lib/python3.10/site-packages:${PYTHONPATH} /usr/bin/python3 -W ignore:setup.py install is deprecated -W ignore:easy_install command is deprecated setup.py egg_info --egg-base ../../build/drone_comms build --build-base /home/mehida/ros2_ws/build/drone_comms/build install --record /home/mehida/ros2_ws/build/drone_comms/install.log --single-version-externally-managed install_data
[3.553s] Level 1:colcon.colcon_core.environment:checking '/home/mehida/ros2_ws/install/drone_comms' for CMake module files
[3.554s] Level 1:colcon.colcon_core.environment:checking '/home/mehida/ros2_ws/install/drone_comms' for CMake config files
[3.556s] Level 1:colcon.colcon_core.environment:checking '/home/mehida/ros2_ws/install/drone_comms/lib'
[3.557s] Level 1:colcon.colcon_core.environment:checking '/home/mehida/ros2_ws/install/drone_comms/bin'
[3.557s] Level 1:colcon.colcon_core.environment:checking '/home/mehida/ros2_ws/install/drone_comms/lib/pkgconfig/drone_comms.pc'
[3.557s] Level 1:colcon.colcon_core.environment:checking '/home/mehida/ros2_ws/install/drone_comms/lib/python3.10/site-packages'
[3.557s] Level 1:colcon.colcon_core.shell:create_environment_hook('drone_comms', 'pythonpath')
[3.558s] INFO:colcon.colcon_core.shell:Creating environment hook '/home/mehida/ros2_ws/install/drone_comms/share/drone_comms/hook/pythonpath.ps1'
[3.559s] INFO:colcon.colcon_core.shell:Creating environment descriptor '/home/mehida/ros2_ws/install/drone_comms/share/drone_comms/hook/pythonpath.dsv'
[3.560s] INFO:colcon.colcon_core.shell:Creating environment hook '/home/mehida/ros2_ws/install/drone_comms/share/drone_comms/hook/pythonpath.sh'
[3.561s] Level 1:colcon.colcon_core.environment:checking '/home/mehida/ros2_ws/install/drone_comms/bin'
[3.561s] Level 1:colcon.colcon_core.environment:create_environment_scripts_only(drone_comms)
[3.562s] INFO:colcon.colcon_core.shell:Creating package script '/home/mehida/ros2_ws/install/drone_comms/share/drone_comms/package.ps1'
[3.565s] INFO:colcon.colcon_core.shell:Creating package descriptor '/home/mehida/ros2_ws/install/drone_comms/share/drone_comms/package.dsv'
[3.566s] INFO:colcon.colcon_core.shell:Creating package script '/home/mehida/ros2_ws/install/drone_comms/share/drone_comms/package.sh'
[3.567s] INFO:colcon.colcon_core.shell:Creating package script '/home/mehida/ros2_ws/install/drone_comms/share/drone_comms/package.bash'
[3.569s] INFO:colcon.colcon_core.shell:Creating package script '/home/mehida/ros2_ws/install/drone_comms/share/drone_comms/package.zsh'
[3.570s] Level 1:colcon.colcon_core.environment:create_file_with_runtime_dependencies(/home/mehida/ros2_ws/install/drone_comms/share/colcon-core/packages/drone_comms)
[3.582s] Level 1:colcon.colcon_core.environment:checking '/home/mehida/ros2_ws/install/turtle_shapes' for CMake module files
[3.582s] DEBUG:colcon.colcon_core.event_handler.log_command:Invoked command in '/home/mehida/ros2_ws/src/turtle_shapes' returned '0': PYTHONPATH=/home/mehida/ros2_ws/build/turtle_shapes/prefix_override:/usr/lib/python3/dist-packages/colcon_core/task/python/colcon_distutils_commands:/home/mehida/ros2_ws/install/turtle_shapes/lib/python3.10/site-packages:${PYTHONPATH} /usr/bin/python3 -W ignore:setup.py install is deprecated -W ignore:easy_install command is deprecated setup.py egg_info --egg-base ../../build/turtle_shapes build --build-base /home/mehida/ros2_ws/build/turtle_shapes/build install --record /home/mehida/ros2_ws/build/turtle_shapes/install.log --single-version-externally-managed install_data
[3.583s] Level 1:colcon.colcon_core.environment:checking '/home/mehida/ros2_ws/install/turtle_shapes' for CMake config files
[3.584s] Level 1:colcon.colcon_core.environment:checking '/home/mehida/ros2_ws/install/turtle_shapes/lib'
[3.585s] Level 1:colcon.colcon_core.environment:checking '/home/mehida/ros2_ws/install/turtle_shapes/bin'
[3.585s] Level 1:colcon.colcon_core.environment:checking '/home/mehida/ros2_ws/install/turtle_shapes/lib/pkgconfig/turtle_shapes.pc'
[3.585s] Level 1:colcon.colcon_core.environment:checking '/home/mehida/ros2_ws/install/turtle_shapes/lib/python3.10/site-packages'
[3.585s] Level 1:colcon.colcon_core.shell:create_environment_hook('turtle_shapes', 'pythonpath')
[3.586s] INFO:colcon.colcon_core.shell:Creating environment hook '/home/mehida/ros2_ws/install/turtle_shapes/share/turtle_shapes/hook/pythonpath.ps1'
[3.587s] INFO:colcon.colcon_core.shell:Creating environment descriptor '/home/mehida/ros2_ws/install/turtle_shapes/share/turtle_shapes/hook/pythonpath.dsv'
[3.587s] INFO:colcon.colcon_core.shell:Creating environment hook '/home/mehida/ros2_ws/install/turtle_shapes/share/turtle_shapes/hook/pythonpath.sh'
[3.589s] Level 1:colcon.colcon_core.environment:checking '/home/mehida/ros2_ws/install/turtle_shapes/bin'
[3.590s] Level 1:colcon.colcon_core.environment:create_environment_scripts_only(turtle_shapes)
[3.590s] INFO:colcon.colcon_core.shell:Creating package script '/home/mehida/ros2_ws/install/turtle_shapes/share/turtle_shapes/package.ps1'
[3.592s] INFO:colcon.colcon_core.shell:Creating package descriptor '/home/mehida/ros2_ws/install/turtle_shapes/share/turtle_shapes/package.dsv'
[3.593s] INFO:colcon.colcon_core.shell:Creating package script '/home/mehida/ros2_ws/install/turtle_shapes/share/turtle_shapes/package.sh'
[3.594s] INFO:colcon.colcon_core.shell:Creating package script '/home/mehida/ros2_ws/install/turtle_shapes/share/turtle_shapes/package.bash'
[3.594s] INFO:colcon.colcon_core.shell:Creating package script '/home/mehida/ros2_ws/install/turtle_shapes/share/turtle_shapes/package.zsh'
[3.595s] Level 1:colcon.colcon_core.environment:create_file_with_runtime_dependencies(/home/mehida/ros2_ws/install/turtle_shapes/share/colcon-core/packages/turtle_shapes)
[3.597s] Level 1:colcon.colcon_core.environment:checking '/home/mehida/ros2_ws/install/py_pubsub' for CMake module files
[3.598s] DEBUG:colcon.colcon_core.event_handler.log_command:Invoked command in '/home/mehida/ros2_ws/src/py_pubsub' returned '0': PYTHONPATH=/home/mehida/ros2_ws/build/py_pubsub/prefix_override:/usr/lib/python3/dist-packages/colcon_core/task/python/colcon_distutils_commands:/home/mehida/ros2_ws/install/py_pubsub/lib/python3.10/site-packages:${PYTHONPATH} /usr/bin/python3 -W ignore:setup.py install is deprecated -W ignore:easy_install command is deprecated setup.py egg_info --egg-base ../../build/py_pubsub build --build-base /home/mehida/ros2_ws/build/py_pubsub/build install --record /home/mehida/ros2_ws/build/py_pubsub/install.log --single-version-externally-managed install_data
[3.599s] Level 1:colcon.colcon_core.environment:checking '/home/mehida/ros2_ws/install/py_pubsub' for CMake config files
[3.600s] Level 1:colcon.colcon_core.environment:checking '/home/mehida/ros2_ws/install/py_pubsub/lib'
[3.600s] Level 1:colcon.colcon_core.environment:checking '/home/mehida/ros2_ws/install/py_pubsub/bin'
[3.600s] Level 1:colcon.colcon_core.environment:checking '/home/mehida/ros2_ws/install/py_pubsub/lib/pkgconfig/py_pubsub.pc'
[3.601s] Level 1:colcon.colcon_core.environment:checking '/home/mehida/ros2_ws/install/py_pubsub/lib/python3.10/site-packages'
[3.601s] Level 1:colcon.colcon_core.shell:create_environment_hook('py_pubsub', 'pythonpath')
[3.601s] INFO:colcon.colcon_core.shell:Creating environment hook '/home/mehida/ros2_ws/install/py_pubsub/share/py_pubsub/hook/pythonpath.ps1'
[3.602s] INFO:colcon.colcon_core.shell:Creating environment descriptor '/home/mehida/ros2_ws/install/py_pubsub/share/py_pubsub/hook/pythonpath.dsv'
[3.603s] INFO:colcon.colcon_core.shell:Creating environment hook '/home/mehida/ros2_ws/install/py_pubsub/share/py_pubsub/hook/pythonpath.sh'
[3.604s] Level 1:colcon.colcon_core.environment:checking '/home/mehida/ros2_ws/install/py_pubsub/bin'
[3.604s] Level 1:colcon.colcon_core.environment:create_environment_scripts_only(py_pubsub)
[3.605s] INFO:colcon.colcon_core.shell:Creating package script '/home/mehida/ros2_ws/install/py_pubsub/share/py_pubsub/package.ps1'
[3.606s] INFO:colcon.colcon_core.shell:Creating package descriptor '/home/mehida/ros2_ws/install/py_pubsub/share/py_pubsub/package.dsv'
[3.607s] INFO:colcon.colcon_core.shell:Creating package script '/home/mehida/ros2_ws/install/py_pubsub/share/py_pubsub/package.sh'
[3.608s] INFO:colcon.colcon_core.shell:Creating package script '/home/mehida/ros2_ws/install/py_pubsub/share/py_pubsub/package.bash'
[3.608s] INFO:colcon.colcon_core.shell:Creating package script '/home/mehida/ros2_ws/install/py_pubsub/share/py_pubsub/package.zsh'
[3.609s] Level 1:colcon.colcon_core.environment:create_file_with_runtime_dependencies(/home/mehida/ros2_ws/install/py_pubsub/share/colcon-core/packages/py_pubsub)
[3.610s] DEBUG:colcon.colcon_parallel_executor.executor.parallel:closing loop
[3.610s] DEBUG:colcon.colcon_parallel_executor.executor.parallel:loop closed
[3.610s] DEBUG:colcon.colcon_parallel_executor.executor.parallel:run_until_complete finished with '0'
[3.610s] DEBUG:colcon.colcon_core.event_reactor:joining thread
[3.620s] INFO:colcon.colcon_core.plugin_system:Skipping extension 'colcon_notification.desktop_notification.terminal_notifier': Not used on non-Darwin systems
[3.621s] INFO:colcon.colcon_core.plugin_system:Skipping extension 'colcon_notification.desktop_notification.win32': Not used on non-Windows systems
[3.621s] INFO:colcon.colcon_notification.desktop_notification:Sending desktop notification using 'notify2'
[3.645s] DEBUG:colcon.colcon_core.event_reactor:joined thread
[3.645s] INFO:colcon.colcon_core.shell:Creating prefix script '/home/mehida/ros2_ws/install/local_setup.ps1'
[3.647s] INFO:colcon.colcon_core.shell:Creating prefix util module '/home/mehida/ros2_ws/install/_local_setup_util_ps1.py'
[3.651s] INFO:colcon.colcon_core.shell:Creating prefix chain script '/home/mehida/ros2_ws/install/setup.ps1'
[3.654s] INFO:colcon.colcon_core.shell:Creating prefix script '/home/mehida/ros2_ws/install/local_setup.sh'
[3.655s] INFO:colcon.colcon_core.shell:Creating prefix util module '/home/mehida/ros2_ws/install/_local_setup_util_sh.py'
[3.656s] INFO:colcon.colcon_core.shell:Creating prefix chain script '/home/mehida/ros2_ws/install/setup.sh'
[3.658s] INFO:colcon.colcon_core.shell:Creating prefix script '/home/mehida/ros2_ws/install/local_setup.bash'
[3.659s] INFO:colcon.colcon_core.shell:Creating prefix chain script '/home/mehida/ros2_ws/install/setup.bash'
[3.661s] INFO:colcon.colcon_core.shell:Creating prefix script '/home/mehida/ros2_ws/install/local_setup.zsh'
[3.662s] INFO:colcon.colcon_core.shell:Creating prefix chain script '/home/mehida/ros2_ws/install/setup.zsh'
