[2.059s] Invoking command in '/home/mehida/ros2_ws/src/turtle_shapes': PYTHONPATH=/home/mehida/ros2_ws/build/turtle_shapes/prefix_override:/usr/lib/python3/dist-packages/colcon_core/task/python/colcon_distutils_commands:/home/mehida/ros2_ws/install/turtle_shapes/lib/python3.10/site-packages:${PYTHONPATH} /usr/bin/python3 -W ignore:setup.py install is deprecated -W ignore:easy_install command is deprecated setup.py egg_info --egg-base ../../build/turtle_shapes build --build-base /home/mehida/ros2_ws/build/turtle_shapes/build install --record /home/mehida/ros2_ws/build/turtle_shapes/install.log --single-version-externally-managed install_data
[2.502s] running egg_info
[2.503s] creating ../../build/turtle_shapes/turtle_shapes.egg-info
[2.503s] writing ../../build/turtle_shapes/turtle_shapes.egg-info/PKG-INFO
[2.503s] writing dependency_links to ../../build/turtle_shapes/turtle_shapes.egg-info/dependency_links.txt
[2.504s] writing entry points to ../../build/turtle_shapes/turtle_shapes.egg-info/entry_points.txt
[2.504s] writing requirements to ../../build/turtle_shapes/turtle_shapes.egg-info/requires.txt
[2.504s] writing top-level names to ../../build/turtle_shapes/turtle_shapes.egg-info/top_level.txt
[2.504s] writing manifest file '../../build/turtle_shapes/turtle_shapes.egg-info/SOURCES.txt'
[2.507s] reading manifest file '../../build/turtle_shapes/turtle_shapes.egg-info/SOURCES.txt'
[2.508s] writing manifest file '../../build/turtle_shapes/turtle_shapes.egg-info/SOURCES.txt'
[2.509s] running build
[2.509s] running build_py
[2.509s] creating /home/mehida/ros2_ws/build/turtle_shapes/build
[2.509s] creating /home/mehida/ros2_ws/build/turtle_shapes/build/lib
[2.509s] creating /home/mehida/ros2_ws/build/turtle_shapes/build/lib/turtle_shapes
[2.509s] copying turtle_shapes/__init__.py -> /home/mehida/ros2_ws/build/turtle_shapes/build/lib/turtle_shapes
[2.510s] copying turtle_shapes/diamond.py -> /home/mehida/ros2_ws/build/turtle_shapes/build/lib/turtle_shapes
[2.510s] running install
[2.510s] running install_lib
[2.512s] creating /home/mehida/ros2_ws/install/turtle_shapes/lib/python3.10/site-packages/turtle_shapes
[2.512s] copying /home/mehida/ros2_ws/build/turtle_shapes/build/lib/turtle_shapes/__init__.py -> /home/mehida/ros2_ws/install/turtle_shapes/lib/python3.10/site-packages/turtle_shapes
[2.513s] copying /home/mehida/ros2_ws/build/turtle_shapes/build/lib/turtle_shapes/diamond.py -> /home/mehida/ros2_ws/install/turtle_shapes/lib/python3.10/site-packages/turtle_shapes
[2.513s] byte-compiling /home/mehida/ros2_ws/install/turtle_shapes/lib/python3.10/site-packages/turtle_shapes/__init__.py to __init__.cpython-310.pyc
[2.513s] byte-compiling /home/mehida/ros2_ws/install/turtle_shapes/lib/python3.10/site-packages/turtle_shapes/diamond.py to diamond.cpython-310.pyc
[2.515s] running install_data
[2.515s] creating /home/mehida/ros2_ws/install/turtle_shapes/share/ament_index
[2.515s] creating /home/mehida/ros2_ws/install/turtle_shapes/share/ament_index/resource_index
[2.515s] creating /home/mehida/ros2_ws/install/turtle_shapes/share/ament_index/resource_index/packages
[2.516s] copying resource/turtle_shapes -> /home/mehida/ros2_ws/install/turtle_shapes/share/ament_index/resource_index/packages
[2.516s] copying package.xml -> /home/mehida/ros2_ws/install/turtle_shapes/share/turtle_shapes
[2.516s] running install_egg_info
[2.519s] Copying ../../build/turtle_shapes/turtle_shapes.egg-info to /home/mehida/ros2_ws/install/turtle_shapes/lib/python3.10/site-packages/turtle_shapes-0.0.0-py3.10.egg-info
[2.521s] running install_scripts
[2.564s] Installing diamond script to /home/mehida/ros2_ws/install/turtle_shapes/lib/turtle_shapes
[2.564s] writing list of installed files to '/home/mehida/ros2_ws/build/turtle_shapes/install.log'
[2.616s] Invoked command in '/home/mehida/ros2_ws/src/turtle_shapes' returned '0': PYTHONPATH=/home/mehida/ros2_ws/build/turtle_shapes/prefix_override:/usr/lib/python3/dist-packages/colcon_core/task/python/colcon_distutils_commands:/home/mehida/ros2_ws/install/turtle_shapes/lib/python3.10/site-packages:${PYTHONPATH} /usr/bin/python3 -W ignore:setup.py install is deprecated -W ignore:easy_install command is deprecated setup.py egg_info --egg-base ../../build/turtle_shapes build --build-base /home/mehida/ros2_ws/build/turtle_shapes/build install --record /home/mehida/ros2_ws/build/turtle_shapes/install.log --single-version-externally-managed install_data
