[2.057s] Invoking command in '/home/mehida/ros2_ws/src/drone_comms': PYTHONPATH=/home/mehida/ros2_ws/build/drone_comms/prefix_override:/usr/lib/python3/dist-packages/colcon_core/task/python/colcon_distutils_commands:/home/mehida/ros2_ws/install/drone_comms/lib/python3.10/site-packages:${PYTHONPATH} /usr/bin/python3 -W ignore:setup.py install is deprecated -W ignore:easy_install command is deprecated setup.py egg_info --egg-base ../../build/drone_comms build --build-base /home/mehida/ros2_ws/build/drone_comms/build install --record /home/mehida/ros2_ws/build/drone_comms/install.log --single-version-externally-managed install_data
[2.487s] running egg_info
[2.488s] writing ../../build/drone_comms/drone_comms.egg-info/PKG-INFO
[2.489s] writing dependency_links to ../../build/drone_comms/drone_comms.egg-info/dependency_links.txt
[2.489s] writing entry points to ../../build/drone_comms/drone_comms.egg-info/entry_points.txt
[2.490s] writing requirements to ../../build/drone_comms/drone_comms.egg-info/requires.txt
[2.490s] writing top-level names to ../../build/drone_comms/drone_comms.egg-info/top_level.txt
[2.494s] reading manifest file '../../build/drone_comms/drone_comms.egg-info/SOURCES.txt'
[2.496s] writing manifest file '../../build/drone_comms/drone_comms.egg-info/SOURCES.txt'
[2.497s] running build
[2.497s] running build_py
[2.497s] running install
[2.498s] running install_lib
[2.501s] running install_data
[2.502s] running install_egg_info
[2.505s] removing '/home/mehida/ros2_ws/install/drone_comms/lib/python3.10/site-packages/drone_comms-0.0.0-py3.10.egg-info' (and everything under it)
[2.505s] Copying ../../build/drone_comms/drone_comms.egg-info to /home/mehida/ros2_ws/install/drone_comms/lib/python3.10/site-packages/drone_comms-0.0.0-py3.10.egg-info
[2.506s] running install_scripts
[2.548s] Installing altitude_monitor script to /home/mehida/ros2_ws/install/drone_comms/lib/drone_comms
[2.549s] Installing altitude_pub script to /home/mehida/ros2_ws/install/drone_comms/lib/drone_comms
[2.549s] writing list of installed files to '/home/mehida/ros2_ws/build/drone_comms/install.log'
[2.633s] Invoked command in '/home/mehida/ros2_ws/src/drone_comms' returned '0': PYTHONPATH=/home/mehida/ros2_ws/build/drone_comms/prefix_override:/usr/lib/python3/dist-packages/colcon_core/task/python/colcon_distutils_commands:/home/mehida/ros2_ws/install/drone_comms/lib/python3.10/site-packages:${PYTHONPATH} /usr/bin/python3 -W ignore:setup.py install is deprecated -W ignore:easy_install command is deprecated setup.py egg_info --egg-base ../../build/drone_comms build --build-base /home/mehida/ros2_ws/build/drone_comms/build install --record /home/mehida/ros2_ws/build/drone_comms/install.log --single-version-externally-managed install_data
