running egg_info
writing ../../build/drone_comms/drone_comms.egg-info/PKG-INFO
writing dependency_links to ../../build/drone_comms/drone_comms.egg-info/dependency_links.txt
writing entry points to ../../build/drone_comms/drone_comms.egg-info/entry_points.txt
writing requirements to ../../build/drone_comms/drone_comms.egg-info/requires.txt
writing top-level names to ../../build/drone_comms/drone_comms.egg-info/top_level.txt
reading manifest file '../../build/drone_comms/drone_comms.egg-info/SOURCES.txt'
writing manifest file '../../build/drone_comms/drone_comms.egg-info/SOURCES.txt'
running build
running build_py
running install
running install_lib
running install_data
running install_egg_info
removing '/home/mehida/ros2_ws/install/drone_comms/lib/python3.10/site-packages/drone_comms-0.0.0-py3.10.egg-info' (and everything under it)
Copying ../../build/drone_comms/drone_comms.egg-info to /home/mehida/ros2_ws/install/drone_comms/lib/python3.10/site-packages/drone_comms-0.0.0-py3.10.egg-info
running install_scripts
Installing altitude_monitor script to /home/mehida/ros2_ws/install/drone_comms/lib/drone_comms
Installing altitude_pub script to /home/mehida/ros2_ws/install/drone_comms/lib/drone_comms
writing list of installed files to '/home/mehida/ros2_ws/build/drone_comms/install.log'
