[1.117s] Invoking command in '/home/mehida/ros2_ws/src/py_pubsub': PYTHONPATH=/home/mehida/ros2_ws/build/py_pubsub/prefix_override:/usr/lib/python3/dist-packages/colcon_core/task/python/colcon_distutils_commands:/home/mehida/ros2_ws/install/py_pubsub/lib/python3.10/site-packages:${PYTHONPATH} /usr/bin/python3 -W ignore:setup.py install is deprecated -W ignore:easy_install command is deprecated setup.py egg_info --egg-base ../../build/py_pubsub build --build-base /home/mehida/ros2_ws/build/py_pubsub/build install --record /home/mehida/ros2_ws/build/py_pubsub/install.log --single-version-externally-managed install_data
[1.559s] running egg_info
[1.560s] creating ../../build/py_pubsub/py_pubsub.egg-info
[1.561s] writing ../../build/py_pubsub/py_pubsub.egg-info/PKG-INFO
[1.561s] writing dependency_links to ../../build/py_pubsub/py_pubsub.egg-info/dependency_links.txt
[1.561s] writing entry points to ../../build/py_pubsub/py_pubsub.egg-info/entry_points.txt
[1.562s] writing requirements to ../../build/py_pubsub/py_pubsub.egg-info/requires.txt
[1.562s] writing top-level names to ../../build/py_pubsub/py_pubsub.egg-info/top_level.txt
[1.562s] writing manifest file '../../build/py_pubsub/py_pubsub.egg-info/SOURCES.txt'
[1.565s] reading manifest file '../../build/py_pubsub/py_pubsub.egg-info/SOURCES.txt'
[1.565s] adding license file 'LICENSE'
[1.566s] writing manifest file '../../build/py_pubsub/py_pubsub.egg-info/SOURCES.txt'
[1.566s] running build
[1.566s] running build_py
[1.567s] creating /home/mehida/ros2_ws/build/py_pubsub/build
[1.567s] creating /home/mehida/ros2_ws/build/py_pubsub/build/lib
[1.567s] creating /home/mehida/ros2_ws/build/py_pubsub/build/lib/py_pubsub
[1.567s] copying py_pubsub/publisher_member_function.py -> /home/mehida/ros2_ws/build/py_pubsub/build/lib/py_pubsub
[1.567s] copying py_pubsub/subscriber_member_function.py -> /home/mehida/ros2_ws/build/py_pubsub/build/lib/py_pubsub
[1.568s] copying py_pubsub/__init__.py -> /home/mehida/ros2_ws/build/py_pubsub/build/lib/py_pubsub
[1.568s] running install
[1.569s] running install_lib
[1.571s] creating /home/mehida/ros2_ws/install/py_pubsub/lib/python3.10/site-packages/py_pubsub
[1.571s] copying /home/mehida/ros2_ws/build/py_pubsub/build/lib/py_pubsub/publisher_member_function.py -> /home/mehida/ros2_ws/install/py_pubsub/lib/python3.10/site-packages/py_pubsub
[1.571s] copying /home/mehida/ros2_ws/build/py_pubsub/build/lib/py_pubsub/subscriber_member_function.py -> /home/mehida/ros2_ws/install/py_pubsub/lib/python3.10/site-packages/py_pubsub
[1.571s] copying /home/mehida/ros2_ws/build/py_pubsub/build/lib/py_pubsub/__init__.py -> /home/mehida/ros2_ws/install/py_pubsub/lib/python3.10/site-packages/py_pubsub
[1.572s] byte-compiling /home/mehida/ros2_ws/install/py_pubsub/lib/python3.10/site-packages/py_pubsub/publisher_member_function.py to publisher_member_function.cpython-310.pyc
[1.573s] byte-compiling /home/mehida/ros2_ws/install/py_pubsub/lib/python3.10/site-packages/py_pubsub/subscriber_member_function.py to subscriber_member_function.cpython-310.pyc
[1.574s] byte-compiling /home/mehida/ros2_ws/install/py_pubsub/lib/python3.10/site-packages/py_pubsub/__init__.py to __init__.cpython-310.pyc
[1.574s] running install_data
[1.574s] creating /home/mehida/ros2_ws/install/py_pubsub/share/ament_index
[1.574s] creating /home/mehida/ros2_ws/install/py_pubsub/share/ament_index/resource_index
[1.575s] creating /home/mehida/ros2_ws/install/py_pubsub/share/ament_index/resource_index/packages
[1.575s] copying resource/py_pubsub -> /home/mehida/ros2_ws/install/py_pubsub/share/ament_index/resource_index/packages
[1.575s] copying package.xml -> /home/mehida/ros2_ws/install/py_pubsub/share/py_pubsub
[1.575s] running install_egg_info
[1.578s] Copying ../../build/py_pubsub/py_pubsub.egg-info to /home/mehida/ros2_ws/install/py_pubsub/lib/python3.10/site-packages/py_pubsub-0.0.0-py3.10.egg-info
[1.579s] running install_scripts
[1.623s] Installing listener script to /home/mehida/ros2_ws/install/py_pubsub/lib/py_pubsub
[1.623s] Installing talker script to /home/mehida/ros2_ws/install/py_pubsub/lib/py_pubsub
[1.624s] writing list of installed files to '/home/mehida/ros2_ws/build/py_pubsub/install.log'
[1.673s] Invoked command in '/home/mehida/ros2_ws/src/py_pubsub' returned '0': PYTHONPATH=/home/mehida/ros2_ws/build/py_pubsub/prefix_override:/usr/lib/python3/dist-packages/colcon_core/task/python/colcon_distutils_commands:/home/mehida/ros2_ws/install/py_pubsub/lib/python3.10/site-packages:${PYTHONPATH} /usr/bin/python3 -W ignore:setup.py install is deprecated -W ignore:easy_install command is deprecated setup.py egg_info --egg-base ../../build/py_pubsub build --build-base /home/mehida/ros2_ws/build/py_pubsub/build install --record /home/mehida/ros2_ws/build/py_pubsub/install.log --single-version-externally-managed install_data
