running develop
Removing /home/mehida/ros2_ws/install/drone_comms/lib/python3.10/site-packages/drone-comms.egg-link (link to .)
running egg_info
writing ../../build/drone_comms/drone_comms.egg-info/PKG-INFO
writing dependency_links to ../../build/drone_comms/drone_comms.egg-info/dependency_links.txt
writing entry points to ../../build/drone_comms/drone_comms.egg-info/entry_points.txt
writing requirements to ../../build/drone_comms/drone_comms.egg-info/requires.txt
writing top-level names to ../../build/drone_comms/drone_comms.egg-info/top_level.txt
reading manifest file '../../build/drone_comms/drone_comms.egg-info/SOURCES.txt'
writing manifest file '../../build/drone_comms/drone_comms.egg-info/SOURCES.txt'
running build
running build_py
copying drone_comms/altitude_monitor.py -> /home/mehida/ros2_ws/build/drone_comms/build/lib/drone_comms
copying drone_comms/altitude_pub.py -> /home/mehida/ros2_ws/build/drone_comms/build/lib/drone_comms
running install
running install_lib
creating /home/mehida/ros2_ws/install/drone_comms/lib/python3.10/site-packages/drone_comms
copying /home/mehida/ros2_ws/build/drone_comms/build/lib/drone_comms/altitude_monitor.py -> /home/mehida/ros2_ws/install/drone_comms/lib/python3.10/site-packages/drone_comms
copying /home/mehida/ros2_ws/build/drone_comms/build/lib/drone_comms/altitude_pub.py -> /home/mehida/ros2_ws/install/drone_comms/lib/python3.10/site-packages/drone_comms
copying /home/mehida/ros2_ws/build/drone_comms/build/lib/drone_comms/__init__.py -> /home/mehida/ros2_ws/install/drone_comms/lib/python3.10/site-packages/drone_comms
byte-compiling /home/mehida/ros2_ws/install/drone_comms/lib/python3.10/site-packages/drone_comms/altitude_monitor.py to altitude_monitor.cpython-310.pyc
byte-compiling /home/mehida/ros2_ws/install/drone_comms/lib/python3.10/site-packages/drone_comms/altitude_pub.py to altitude_pub.cpython-310.pyc
byte-compiling /home/mehida/ros2_ws/install/drone_comms/lib/python3.10/site-packages/drone_comms/__init__.py to __init__.cpython-310.pyc
running install_data
copying resource/drone_comms -> /home/mehida/ros2_ws/install/drone_comms/share/ament_index/resource_index/packages
copying package.xml -> /home/mehida/ros2_ws/install/drone_comms/share/drone_comms
creating /home/mehida/ros2_ws/install/drone_comms/share/drone_comms/launch
copying launch/stack.launch.py -> /home/mehida/ros2_ws/install/drone_comms/share/drone_comms/launch
running install_egg_info
Copying ../../build/drone_comms/drone_comms.egg-info to /home/mehida/ros2_ws/install/drone_comms/lib/python3.10/site-packages/drone_comms-0.0.0-py3.10.egg-info
running install_scripts
Installing altitude_monitor script to /home/mehida/ros2_ws/install/drone_comms/lib/drone_comms
Installing altitude_pub script to /home/mehida/ros2_ws/install/drone_comms/lib/drone_comms
writing list of installed files to '/home/mehida/ros2_ws/build/drone_comms/install.log'
