[1.545s] Invoking command in '/home/mehida/ros2_ws/build/drone_comms': PYTHONPATH=/home/mehida/ros2_ws/build/drone_comms/prefix_override:/usr/lib/python3/dist-packages/colcon_core/task/python/colcon_distutils_commands:/home/mehida/ros2_ws/install/drone_comms/lib/python3.10/site-packages:${PYTHONPATH} /usr/bin/python3 -W ignore:setup.py install is deprecated -W ignore:easy_install command is deprecated setup.py develop --editable --build-directory /home/mehida/ros2_ws/build/drone_comms/build --no-deps symlink_data --force
[2.006s] running develop
[2.258s] running egg_info
[2.258s] writing drone_comms.egg-info/PKG-INFO
[2.259s] writing dependency_links to drone_comms.egg-info/dependency_links.txt
[2.259s] writing entry points to drone_comms.egg-info/entry_points.txt
[2.259s] writing requirements to drone_comms.egg-info/requires.txt
[2.259s] writing top-level names to drone_comms.egg-info/top_level.txt
[2.262s] reading manifest file 'drone_comms.egg-info/SOURCES.txt'
[2.264s] writing manifest file 'drone_comms.egg-info/SOURCES.txt'
[2.266s] running build_ext
[2.267s] Creating /home/mehida/ros2_ws/install/drone_comms/lib/python3.10/site-packages/drone-comms.egg-link (link to .)
[2.268s] Installing altitude_monitor script to /home/mehida/ros2_ws/install/drone_comms/lib/drone_comms
[2.268s] Installing altitude_pub script to /home/mehida/ros2_ws/install/drone_comms/lib/drone_comms
[2.269s] 
[2.269s] Installed /home/mehida/ros2_ws/build/drone_comms
[2.269s] running symlink_data
[2.269s] symbolically linking /home/mehida/ros2_ws/build/drone_comms/resource/drone_comms -> /home/mehida/ros2_ws/install/drone_comms/share/ament_index/resource_index/packages
[2.269s] symbolically linking /home/mehida/ros2_ws/build/drone_comms/package.xml -> /home/mehida/ros2_ws/install/drone_comms/share/drone_comms
[2.315s] Invoked command in '/home/mehida/ros2_ws/build/drone_comms' returned '0': PYTHONPATH=/home/mehida/ros2_ws/build/drone_comms/prefix_override:/usr/lib/python3/dist-packages/colcon_core/task/python/colcon_distutils_commands:/home/mehida/ros2_ws/install/drone_comms/lib/python3.10/site-packages:${PYTHONPATH} /usr/bin/python3 -W ignore:setup.py install is deprecated -W ignore:easy_install command is deprecated setup.py develop --editable --build-directory /home/mehida/ros2_ws/build/drone_comms/build --no-deps symlink_data --force
