[2.031s] Invoking command in '/home/mehida/ros2_ws/src/py_pubsub': PYTHONPATH=/home/mehida/ros2_ws/build/py_pubsub/prefix_override:/usr/lib/python3/dist-packages/colcon_core/task/python/colcon_distutils_commands:/home/mehida/ros2_ws/install/py_pubsub/lib/python3.10/site-packages:${PYTHONPATH} /usr/bin/python3 -W ignore:setup.py install is deprecated -W ignore:easy_install command is deprecated setup.py egg_info --egg-base ../../build/py_pubsub build --build-base /home/mehida/ros2_ws/build/py_pubsub/build install --record /home/mehida/ros2_ws/build/py_pubsub/install.log --single-version-externally-managed install_data
[2.478s] running egg_info
[2.479s] writing ../../build/py_pubsub/py_pubsub.egg-info/PKG-INFO
[2.479s] writing dependency_links to ../../build/py_pubsub/py_pubsub.egg-info/dependency_links.txt
[2.480s] writing entry points to ../../build/py_pubsub/py_pubsub.egg-info/entry_points.txt
[2.480s] writing requirements to ../../build/py_pubsub/py_pubsub.egg-info/requires.txt
[2.480s] writing top-level names to ../../build/py_pubsub/py_pubsub.egg-info/top_level.txt
[2.484s] reading manifest file '../../build/py_pubsub/py_pubsub.egg-info/SOURCES.txt'
[2.484s] adding license file 'LICENSE'
[2.486s] writing manifest file '../../build/py_pubsub/py_pubsub.egg-info/SOURCES.txt'
[2.486s] running build
[2.486s] running build_py
[2.487s] running install
[2.488s] running install_lib
[2.491s] running install_data
[2.491s] running install_egg_info
[2.494s] removing '/home/mehida/ros2_ws/install/py_pubsub/lib/python3.10/site-packages/py_pubsub-0.0.0-py3.10.egg-info' (and everything under it)
[2.495s] Copying ../../build/py_pubsub/py_pubsub.egg-info to /home/mehida/ros2_ws/install/py_pubsub/lib/python3.10/site-packages/py_pubsub-0.0.0-py3.10.egg-info
[2.496s] running install_scripts
[2.541s] Installing listener script to /home/mehida/ros2_ws/install/py_pubsub/lib/py_pubsub
[2.542s] Installing talker script to /home/mehida/ros2_ws/install/py_pubsub/lib/py_pubsub
[2.542s] writing list of installed files to '/home/mehida/ros2_ws/build/py_pubsub/install.log'
[2.589s] Invoked command in '/home/mehida/ros2_ws/src/py_pubsub' returned '0': PYTHONPATH=/home/mehida/ros2_ws/build/py_pubsub/prefix_override:/usr/lib/python3/dist-packages/colcon_core/task/python/colcon_distutils_commands:/home/mehida/ros2_ws/install/py_pubsub/lib/python3.10/site-packages:${PYTHONPATH} /usr/bin/python3 -W ignore:setup.py install is deprecated -W ignore:easy_install command is deprecated setup.py egg_info --egg-base ../../build/py_pubsub build --build-base /home/mehida/ros2_ws/build/py_pubsub/build install --record /home/mehida/ros2_ws/build/py_pubsub/install.log --single-version-externally-managed install_data
