[1.131s] Invoking command in '/home/mehida/ros2_ws/src/turtle_shapes': PYTHONPATH=/home/mehida/ros2_ws/build/turtle_shapes/prefix_override:/usr/lib/python3/dist-packages/colcon_core/task/python/colcon_distutils_commands:/home/mehida/ros2_ws/install/turtle_shapes/lib/python3.10/site-packages:${PYTHONPATH} /usr/bin/python3 -W ignore:setup.py install is deprecated -W ignore:easy_install command is deprecated setup.py egg_info --egg-base ../../build/turtle_shapes build --build-base /home/mehida/ros2_ws/build/turtle_shapes/build install --record /home/mehida/ros2_ws/build/turtle_shapes/install.log --single-version-externally-managed install_data
[1.605s] running egg_info
[1.606s] writing ../../build/turtle_shapes/turtle_shapes.egg-info/PKG-INFO
[1.606s] writing dependency_links to ../../build/turtle_shapes/turtle_shapes.egg-info/dependency_links.txt
[1.607s] writing entry points to ../../build/turtle_shapes/turtle_shapes.egg-info/entry_points.txt
[1.607s] writing requirements to ../../build/turtle_shapes/turtle_shapes.egg-info/requires.txt
[1.607s] writing top-level names to ../../build/turtle_shapes/turtle_shapes.egg-info/top_level.txt
[1.610s] reading manifest file '../../build/turtle_shapes/turtle_shapes.egg-info/SOURCES.txt'
[1.611s] writing manifest file '../../build/turtle_shapes/turtle_shapes.egg-info/SOURCES.txt'
[1.612s] running build
[1.612s] running build_py
[1.612s] copying turtle_shapes/spiral_driver.py -> /home/mehida/ros2_ws/build/turtle_shapes/build/lib/turtle_shapes
[1.612s] running install
[1.613s] running install_lib
[1.614s] copying /home/mehida/ros2_ws/build/turtle_shapes/build/lib/turtle_shapes/spiral_driver.py -> /home/mehida/ros2_ws/install/turtle_shapes/lib/python3.10/site-packages/turtle_shapes
[1.615s] byte-compiling /home/mehida/ros2_ws/install/turtle_shapes/lib/python3.10/site-packages/turtle_shapes/spiral_driver.py to spiral_driver.cpython-310.pyc
[1.617s] running install_data
[1.617s] running install_egg_info
[1.620s] removing '/home/mehida/ros2_ws/install/turtle_shapes/lib/python3.10/site-packages/turtle_shapes-0.0.0-py3.10.egg-info' (and everything under it)
[1.621s] Copying ../../build/turtle_shapes/turtle_shapes.egg-info to /home/mehida/ros2_ws/install/turtle_shapes/lib/python3.10/site-packages/turtle_shapes-0.0.0-py3.10.egg-info
[1.622s] running install_scripts
[1.663s] Installing diamond_node script to /home/mehida/ros2_ws/install/turtle_shapes/lib/turtle_shapes
[1.663s] Installing spiral_node script to /home/mehida/ros2_ws/install/turtle_shapes/lib/turtle_shapes
[1.664s] writing list of installed files to '/home/mehida/ros2_ws/build/turtle_shapes/install.log'
[1.704s] Invoked command in '/home/mehida/ros2_ws/src/turtle_shapes' returned '0': PYTHONPATH=/home/mehida/ros2_ws/build/turtle_shapes/prefix_override:/usr/lib/python3/dist-packages/colcon_core/task/python/colcon_distutils_commands:/home/mehida/ros2_ws/install/turtle_shapes/lib/python3.10/site-packages:${PYTHONPATH} /usr/bin/python3 -W ignore:setup.py install is deprecated -W ignore:easy_install command is deprecated setup.py egg_info --egg-base ../../build/turtle_shapes build --build-base /home/mehida/ros2_ws/build/turtle_shapes/build install --record /home/mehida/ros2_ws/build/turtle_shapes/install.log --single-version-externally-managed install_data
